<?xml version="1.0" encoding="UTF-8"?>
<!-- Generated by org.testng.reporters.JUnitReportReporter -->
<testsuite hostname="CPC-komal-XCL5G" failures="0" tests="3" name="KomalGupta.Tests.StandAloneTest" time="58.417" errors="0" timestamp="2023-06-13T13:33:56 IST" skipped="0">
  <testcase classname="KomalGupta.Tests.StandAloneTest" name="OrderHistoryTest" time="10.466"/>
  <system-out/>
  <testcase classname="KomalGupta.Tests.StandAloneTest" name="SubmitOrder" time="22.749"/>
  <system-out/>
  <testcase classname="KomalGupta.Tests.StandAloneTest" name="SubmitOrder" time="25.202"/>
  <system-out/>
</testsuite> <!-- KomalGupta.Tests.StandAloneTest -->
